make: Entering directory `/var/www/socket/node_modules/uws/build'
  CXX(target) Release/obj.target/uws/src/Extensions.o
  CXX(target) Release/obj.target/uws/src/Group.o
In file included from ../src/WebSocket.h:4:0,
                 from ../src/Group.h:4,
                 from ../src/Group.cpp:1:
../src/WebSocketProtocol.h: In static member function 'static size_t uWS::WebSocketProtocol<isServer, Impl>::formatMessage(char*, const char*, size_t, uWS::OpCode, size_t, bool)':
../src/WebSocketProtocol.h:285:38: error: 'UINT16_MAX' was not declared in this scope
In file included from ../src/Group.cpp:2:0:
../src/Hub.h: At global scope:
../src/Hub.h:21:33: warning: missing initializer for member 'z_stream_s::next_in' [-Wmissing-field-initializers]
../src/Hub.h:21:33: warning: missing initializer for member 'z_stream_s::avail_in' [-Wmissing-field-initializers]
../src/Hub.h:21:33: warning: missing initializer for member 'z_stream_s::total_in' [-Wmissing-field-initializers]
../src/Hub.h:21:33: warning: missing initializer for member 'z_stream_s::next_out' [-Wmissing-field-initializers]
../src/Hub.h:21:33: warning: missing initializer for member 'z_stream_s::avail_out' [-Wmissing-field-initializers]
../src/Hub.h:21:33: warning: missing initializer for member 'z_stream_s::total_out' [-Wmissing-field-initializers]
../src/Hub.h:21:33: warning: missing initializer for member 'z_stream_s::msg' [-Wmissing-field-initializers]
../src/Hub.h:21:33: warning: missing initializer for member 'z_stream_s::state' [-Wmissing-field-initializers]
../src/Hub.h:21:33: warning: missing initializer for member 'z_stream_s::zalloc' [-Wmissing-field-initializers]
../src/Hub.h:21:33: warning: missing initializer for member 'z_stream_s::zfree' [-Wmissing-field-initializers]
../src/Hub.h:21:33: warning: missing initializer for member 'z_stream_s::opaque' [-Wmissing-field-initializers]
../src/Hub.h:21:33: warning: missing initializer for member 'z_stream_s::data_type' [-Wmissing-field-initializers]
../src/Hub.h:21:33: warning: missing initializer for member 'z_stream_s::adler' [-Wmissing-field-initializers]
../src/Hub.h:21:33: warning: missing initializer for member 'z_stream_s::reserved' [-Wmissing-field-initializers]
In file included from ../src/WebSocket.h:5:0,
                 from ../src/Group.h:4,
                 from ../src/Group.cpp:1:
../src/Socket.h: In instantiation of 'void uS::Socket::sendTransformed(const char*, size_t, void (*)(void*, void*, bool, void*), void*, D) [with T = uWS::HttpResponse::write(const char*, size_t, void (*)(void*, void*, bool, void*), void*)::NoopTransformer; D = int; size_t = long unsigned int]':
../src/HTTPSocket.h:185:96:   required from here
../src/Socket.h:357:13: warning: comparison between signed and unsigned integer expressions [-Wsign-compare]
../src/Socket.h: In instantiation of 'void uS::Socket::sendTransformed(const char*, size_t, void (*)(void*, void*, bool, void*), void*, D) [with T = uWS::HttpResponse::end(const char*, size_t, void (*)(void*, void*, bool, void*), void*)::HttpTransformer; D = uWS::HttpResponse::end(const char*, size_t, void (*)(void*, void*, bool, void*), void*)::TransformData; size_t = long unsigned int]':
../src/HTTPSocket.h:222:112:   required from here
../src/Socket.h:357:13: warning: comparison between signed and unsigned integer expressions [-Wsign-compare]
make: *** [Release/obj.target/uws/src/Group.o] Error 1
make: Leaving directory `/var/www/socket/node_modules/uws/build'
gyp ERR! build error 
gyp ERR! stack Error: `make` failed with exit code: 2
gyp ERR! stack     at ChildProcess.onExit (/usr/lib/node_modules/npm/node_modules/node-gyp/lib/build.js:276:23)
gyp ERR! stack     at emitTwo (events.js:106:13)
gyp ERR! stack     at ChildProcess.emit (events.js:191:7)
gyp ERR! stack     at Process.ChildProcess._handle.onexit (internal/child_process.js:215:12)
gyp ERR! System Linux 3.2.0-4-amd64
gyp ERR! command "/usr/bin/nodejs" "/usr/lib/node_modules/npm/node_modules/node-gyp/bin/node-gyp.js" "rebuild"
gyp ERR! cwd /var/www/socket/node_modules/uws
gyp ERR! node -v v6.11.2
gyp ERR! node-gyp -v v3.4.0
gyp ERR! not ok 
